2023-04-02 22:45:54.302132 - Initialized conversion of CBT222
2023-04-02 22:45:55.382222 - Received CBT.V504.FILE222.PDS from FILE222.XMI 
2023-04-02 22:45:55.385194 - Found $$$$$DOC.txt (text/plain) in CBT.V504.FILE222.PDS, moved to PDS/$$$$$DOC
2023-04-02 22:45:55.386372 - Found $$$#DATE.txt (text/plain) in CBT.V504.FILE222.PDS, moved to PDS/$$$#DATE
2023-04-02 22:45:55.387505 - Found $$UID8.txt (text/plain) in CBT.V504.FILE222.PDS, moved to PDS/$$UID8
2023-04-02 22:45:55.388538 - Found $AUTHTB1.txt (text/plain) in CBT.V504.FILE222.PDS, moved to PDS/$AUTHTB1
2023-04-02 22:45:55.389522 - Found $AUTHTB2.txt (text/plain) in CBT.V504.FILE222.PDS, moved to PDS/$AUTHTB2
2023-04-02 22:45:55.390370 - Found ACCTM.txt (text/plain) in CBT.V504.FILE222.PDS, moved to PDS/ACCTM
2023-04-02 22:45:55.391240 - Found ACCTM$.jcl (text/plain) in CBT.V504.FILE222.PDS, moved to PDS/ACCTM$
2023-04-02 22:45:55.392338 - Found ALLIDS.txt (text/plain) in CBT.V504.FILE222.PDS, moved to PDS/ALLIDS
2023-04-02 22:45:55.393240 - Found ALLIDS$.jcl (text/plain) in CBT.V504.FILE222.PDS, moved to PDS/ALLIDS$
2023-04-02 22:45:55.394293 - Found ASMTABLS.jcl (text/plain) in CBT.V504.FILE222.PDS, moved to PDS/ASMTABLS
2023-04-02 22:45:55.395403 - Found ASUB.txt (text/plain) in CBT.V504.FILE222.PDS, moved to PDS/ASUB
2023-04-02 22:45:55.396655 - Found ASUB$.jcl (text/plain) in CBT.V504.FILE222.PDS, moved to PDS/ASUB$
2023-04-02 22:45:55.397678 - Found ASUBHELP.txt (text/plain) in CBT.V504.FILE222.PDS, moved to PDS/ASUBHELP
2023-04-02 22:45:55.398677 - Found AUCMD.txt (text/plain) in CBT.V504.FILE222.PDS, moved to PDS/AUCMD
2023-04-02 22:45:55.399651 - Found AUCMD$.jcl (text/plain) in CBT.V504.FILE222.PDS, moved to PDS/AUCMD$
2023-04-02 22:45:55.412860 - Found AUTHLOAD.xmi (application/xmit) in CBT.V504.FILE222.PDS
2023-04-02 22:45:55.430693   - Received RECFM=U data, stored XMIT file as CBT222/AUTHLOAD.xmi
2023-04-02 22:45:55.431787 - Found BACKDOOR.txt (text/plain) in CBT.V504.FILE222.PDS, moved to PDS/BACKDOOR
2023-04-02 22:45:55.432825 - Found CALANYD.jcl (text/plain) in CBT.V504.FILE222.PDS, moved to PDS/CALANYD
2023-04-02 22:45:55.433840 - Found CALFILE1.jcl (text/plain) in CBT.V504.FILE222.PDS, moved to PDS/CALFILE1
2023-04-02 22:45:55.434830 - Found CMD.txt (text/plain) in CBT.V504.FILE222.PDS, moved to PDS/CMD
2023-04-02 22:45:55.436091 - Found CMD$.jcl (text/plain) in CBT.V504.FILE222.PDS, moved to PDS/CMD$
2023-04-02 22:45:55.437413 - Found CNCLPGA.txt (text/plain) in CBT.V504.FILE222.PDS, moved to PDS/CNCLPGA
2023-04-02 22:45:55.438448 - Found CNCLPGA$.jcl (text/plain) in CBT.V504.FILE222.PDS, moved to PDS/CNCLPGA$
2023-04-02 22:45:55.439537 - Found CNCLPGAO.txt (text/plain) in CBT.V504.FILE222.PDS, moved to PDS/CNCLPGAO
2023-04-02 22:45:55.440517 - Found CPFX.txt (text/plain) in CBT.V504.FILE222.PDS, moved to PDS/CPFX
2023-04-02 22:45:55.441717 - Found CPFX$.jcl (text/plain) in CBT.V504.FILE222.PDS, moved to PDS/CPFX$
2023-04-02 22:45:55.443047 - Found CSCBID.txt (text/plain) in CBT.V504.FILE222.PDS, moved to PDS/CSCBID
2023-04-02 22:45:55.444111 - Found CSCBID$.jcl (text/plain) in CBT.V504.FILE222.PDS, moved to PDS/CSCBID$
2023-04-02 22:45:55.445142 - Found CVTZ24.txt (text/plain) in CBT.V504.FILE222.PDS, moved to PDS/CVTZ24
2023-04-02 22:45:55.446083 - Found DACEE.txt (text/plain) in CBT.V504.FILE222.PDS, moved to PDS/DACEE
2023-04-02 22:45:55.447154 - Found DACEE$.jcl (text/plain) in CBT.V504.FILE222.PDS, moved to PDS/DACEE$
2023-04-02 22:45:55.448241 - Found DACEEO.txt (text/plain) in CBT.V504.FILE222.PDS, moved to PDS/DACEEO
2023-04-02 22:45:55.449249 - Found FACEE.txt (text/plain) in CBT.V504.FILE222.PDS, moved to PDS/FACEE
2023-04-02 22:45:55.450265 - Found FACEEO.txt (text/plain) in CBT.V504.FILE222.PDS, moved to PDS/FACEEO
2023-04-02 22:45:55.450278 - Found IBMUSER0.bin containing application/octet-stream, moved to PDS/IBMUSER0
2023-04-02 22:45:55.452473 - Found IEBTSUB.txt (text/plain) in CBT.V504.FILE222.PDS, moved to PDS/IEBTSUB
2023-04-02 22:45:55.453426 - Found IGC0024B.txt (text/plain) in CBT.V504.FILE222.PDS, moved to PDS/IGC0024B
2023-04-02 22:45:55.600818 - Found LOADLIB.xmi (application/xmit) in CBT.V504.FILE222.PDS
2023-04-02 22:45:55.724194   - Received RECFM=U data, stored XMIT file as CBT222/LOADLIB.xmi
2023-04-02 22:45:55.725287 - Found LSLT.txt (text/plain) in CBT.V504.FILE222.PDS, moved to PDS/LSLT
2023-04-02 22:45:55.726340 - Found LSLT$.jcl (text/plain) in CBT.V504.FILE222.PDS, moved to PDS/LSLT$
2023-04-02 22:45:55.727545 - Found LSLTHELP.txt (text/plain) in CBT.V504.FILE222.PDS, moved to PDS/LSLTHELP
2023-04-02 22:45:55.728696 - Found LWAPB.txt (text/plain) in CBT.V504.FILE222.PDS, moved to PDS/LWAPB
2023-04-02 22:45:55.729679 - Found LWAPB$.jcl (text/plain) in CBT.V504.FILE222.PDS, moved to PDS/LWAPB$
2023-04-02 22:45:55.730597 - Found NUL8.txt (text/plain) in CBT.V504.FILE222.PDS, moved to PDS/NUL8
2023-04-02 22:45:55.731675 - Found NUL8$.jcl (text/plain) in CBT.V504.FILE222.PDS, moved to PDS/NUL8$
2023-04-02 22:45:55.732718 - Found PSCBID.txt (text/plain) in CBT.V504.FILE222.PDS, moved to PDS/PSCBID
2023-04-02 22:45:55.733936 - Found PSCBID$.jcl (text/plain) in CBT.V504.FILE222.PDS, moved to PDS/PSCBID$
2023-04-02 22:45:55.735101 - Found PWIPE.txt (text/plain) in CBT.V504.FILE222.PDS, moved to PDS/PWIPE
2023-04-02 22:45:55.736186 - Found PWIPE$.jcl (text/plain) in CBT.V504.FILE222.PDS, moved to PDS/PWIPE$
2023-04-02 22:45:55.737197 - Found RACFSPEC.txt (text/plain) in CBT.V504.FILE222.PDS, moved to PDS/RACFSPEC
2023-04-02 22:45:55.738178 - Found RDHSVCA8.jcl (text/plain) in CBT.V504.FILE222.PDS, moved to PDS/RDHSVCA8
2023-04-02 22:45:55.739218 - Found RLOAD.txt (text/plain) in CBT.V504.FILE222.PDS, moved to PDS/RLOAD
2023-04-02 22:45:55.740244 - Found RLOAD$.jcl (text/plain) in CBT.V504.FILE222.PDS, moved to PDS/RLOAD$
2023-04-02 22:45:55.741312 - Found RLOAD#.txt (text/plain) in CBT.V504.FILE222.PDS, moved to PDS/RLOAD#
2023-04-02 22:45:55.742508 - Found RLOADO.txt (text/plain) in CBT.V504.FILE222.PDS, moved to PDS/RLOADO
2023-04-02 22:45:55.743599 - Found RLOADOLD.txt (text/plain) in CBT.V504.FILE222.PDS, moved to PDS/RLOADOLD
2023-04-02 22:45:55.744721 - Found RLOAD1ST.txt (text/plain) in CBT.V504.FILE222.PDS, moved to PDS/RLOAD1ST
2023-04-02 22:45:55.745999 - Found SPECIAL.txt (text/plain) in CBT.V504.FILE222.PDS, moved to PDS/SPECIAL
2023-04-02 22:45:55.747167 - Found TOKGRUP.txt (text/plain) in CBT.V504.FILE222.PDS, moved to PDS/TOKGRUP
2023-04-02 22:45:55.748387 - Found TOKUSER.txt (text/plain) in CBT.V504.FILE222.PDS, moved to PDS/TOKUSER
2023-04-02 22:45:55.750001 - Found TSUB.txt (text/plain) in CBT.V504.FILE222.PDS, moved to PDS/TSUB
2023-04-02 22:45:55.751181 - Found TSUB$.jcl (text/plain) in CBT.V504.FILE222.PDS, moved to PDS/TSUB$
2023-04-02 22:45:55.752478 - Found TSUB#01.txt (text/plain) in CBT.V504.FILE222.PDS, moved to PDS/TSUB#01
2023-04-02 22:45:55.753678 - Found TSUB#02.txt (text/plain) in CBT.V504.FILE222.PDS, moved to PDS/TSUB#02
2023-04-02 22:45:55.754816 - Found TSUB#03.txt (text/plain) in CBT.V504.FILE222.PDS, moved to PDS/TSUB#03
2023-04-02 22:45:55.755917 - Found TSUB#04.txt (text/plain) in CBT.V504.FILE222.PDS, moved to PDS/TSUB#04
2023-04-02 22:45:55.757008 - Found TSUB#05.txt (text/plain) in CBT.V504.FILE222.PDS, moved to PDS/TSUB#05
2023-04-02 22:45:55.758078 - Found TSUB#06.txt (text/plain) in CBT.V504.FILE222.PDS, moved to PDS/TSUB#06
2023-04-02 22:45:55.759164 - Found TSUB#07.txt (text/plain) in CBT.V504.FILE222.PDS, moved to PDS/TSUB#07
2023-04-02 22:45:55.760246 - Found TSUB#08.txt (text/plain) in CBT.V504.FILE222.PDS, moved to PDS/TSUB#08
2023-04-02 22:45:55.761271 - Found TSUB#09.txt (text/plain) in CBT.V504.FILE222.PDS, moved to PDS/TSUB#09
2023-04-02 22:45:55.762318 - Found TSUB#10.txt (text/plain) in CBT.V504.FILE222.PDS, moved to PDS/TSUB#10
2023-04-02 22:45:55.763467 - Found TSUB#11.txt (text/plain) in CBT.V504.FILE222.PDS, moved to PDS/TSUB#11
2023-04-02 22:45:55.764551 - Found TSUBHELP.txt (text/plain) in CBT.V504.FILE222.PDS, moved to PDS/TSUBHELP
2023-04-02 22:45:55.765626 - Found TSUB36.txt (text/plain) in CBT.V504.FILE222.PDS, moved to PDS/TSUB36
2023-04-02 22:45:55.766584 - Found TSUINFO.txt (text/plain) in CBT.V504.FILE222.PDS, moved to PDS/TSUINFO
2023-04-02 22:45:55.767816 - Found TSUINFO$.jcl (text/plain) in CBT.V504.FILE222.PDS, moved to PDS/TSUINFO$
2023-04-02 22:45:55.769156 - Found TSVT8.txt (text/plain) in CBT.V504.FILE222.PDS, moved to PDS/TSVT8
2023-04-02 22:45:55.770328 - Found TSVT8$.jcl (text/plain) in CBT.V504.FILE222.PDS, moved to PDS/TSVT8$
2023-04-02 22:45:55.771527 - Found UACEE.txt (text/plain) in CBT.V504.FILE222.PDS, moved to PDS/UACEE
2023-04-02 22:45:55.772886 - Found UACEE$.jcl (text/plain) in CBT.V504.FILE222.PDS, moved to PDS/UACEE$
2023-04-02 22:45:55.774006 - Found UGRP.txt (text/plain) in CBT.V504.FILE222.PDS, moved to PDS/UGRP
2023-04-02 22:45:55.775284 - Found UGRP$.jcl (text/plain) in CBT.V504.FILE222.PDS, moved to PDS/UGRP$
2023-04-02 22:45:55.776422 - Found ULWA.txt (text/plain) in CBT.V504.FILE222.PDS, moved to PDS/ULWA
2023-04-02 22:45:55.777344 - Found ULWA$.jcl (text/plain) in CBT.V504.FILE222.PDS, moved to PDS/ULWA$
2023-04-02 22:45:55.778284 - Found UNAME.txt (text/plain) in CBT.V504.FILE222.PDS, moved to PDS/UNAME
2023-04-02 22:45:55.779286 - Found UNAME$.jcl (text/plain) in CBT.V504.FILE222.PDS, moved to PDS/UNAME$
2023-04-02 22:45:55.780341 - Found UPRC.txt (text/plain) in CBT.V504.FILE222.PDS, moved to PDS/UPRC
2023-04-02 22:45:55.781504 - Found UPRC$.jcl (text/plain) in CBT.V504.FILE222.PDS, moved to PDS/UPRC$
2023-04-02 22:45:55.782476 - Found USAT.txt (text/plain) in CBT.V504.FILE222.PDS, moved to PDS/USAT
2023-04-02 22:45:55.783546 - Found USATO.txt (text/plain) in CBT.V504.FILE222.PDS, moved to PDS/USATO
2023-04-02 22:45:55.784621 - Found USET.txt (text/plain) in CBT.V504.FILE222.PDS, moved to PDS/USET
2023-04-02 22:45:55.785600 - Found USIT.txt (text/plain) in CBT.V504.FILE222.PDS, moved to PDS/USIT
2023-04-02 22:45:55.786638 - Found USITO.txt (text/plain) in CBT.V504.FILE222.PDS, moved to PDS/USITO
2023-04-02 22:45:55.787804 - Found USOT.txt (text/plain) in CBT.V504.FILE222.PDS, moved to PDS/USOT
2023-04-02 22:45:55.788980 - Found USOTO.txt (text/plain) in CBT.V504.FILE222.PDS, moved to PDS/USOTO
2023-04-02 22:45:55.789963 - Found USPT.txt (text/plain) in CBT.V504.FILE222.PDS, moved to PDS/USPT
2023-04-02 22:45:55.790945 - Found USPT$.jcl (text/plain) in CBT.V504.FILE222.PDS, moved to PDS/USPT$
2023-04-02 22:45:55.791992 - Found USTT.txt (text/plain) in CBT.V504.FILE222.PDS, moved to PDS/USTT
2023-04-02 22:45:55.793087 - Found USTT$.jcl (text/plain) in CBT.V504.FILE222.PDS, moved to PDS/USTT$
2023-04-02 22:45:55.794120 - Found USUR.txt (text/plain) in CBT.V504.FILE222.PDS, moved to PDS/USUR
2023-04-02 22:45:55.795304 - Found USUR$.jcl (text/plain) in CBT.V504.FILE222.PDS, moved to PDS/USUR$
2023-04-02 22:45:55.796354 - Found USUT.txt (text/plain) in CBT.V504.FILE222.PDS, moved to PDS/USUT
2023-04-02 22:45:55.797391 - Found USUTO.txt (text/plain) in CBT.V504.FILE222.PDS, moved to PDS/USUTO
2023-04-02 22:45:55.798585 - Found USVT.txt (text/plain) in CBT.V504.FILE222.PDS, moved to PDS/USVT
2023-04-02 22:45:55.799546 - Found USVT$.jcl (text/plain) in CBT.V504.FILE222.PDS, moved to PDS/USVT$
2023-04-02 22:45:55.800646 - Found USWT.txt (text/plain) in CBT.V504.FILE222.PDS, moved to PDS/USWT
2023-04-02 22:45:55.801636 - Found USWT$.jcl (text/plain) in CBT.V504.FILE222.PDS, moved to PDS/USWT$
2023-04-02 22:45:55.802810 - Found USXT.txt (text/plain) in CBT.V504.FILE222.PDS, moved to PDS/USXT
2023-04-02 22:45:55.803864 - Found USXT$.jcl (text/plain) in CBT.V504.FILE222.PDS, moved to PDS/USXT$
2023-04-02 22:45:55.805044 - Found USYT.txt (text/plain) in CBT.V504.FILE222.PDS, moved to PDS/USYT
2023-04-02 22:45:55.806150 - Found USYT$.jcl (text/plain) in CBT.V504.FILE222.PDS, moved to PDS/USYT$
2023-04-02 22:45:55.807206 - Found USZT.txt (text/plain) in CBT.V504.FILE222.PDS, moved to PDS/USZT
2023-04-02 22:45:55.808263 - Found USZT$.jcl (text/plain) in CBT.V504.FILE222.PDS, moved to PDS/USZT$
2023-04-02 22:45:55.809332 - Found UTKGP.txt (text/plain) in CBT.V504.FILE222.PDS, moved to PDS/UTKGP
2023-04-02 22:45:55.810518 - Found UTKGP$.jcl (text/plain) in CBT.V504.FILE222.PDS, moved to PDS/UTKGP$
2023-04-02 22:45:55.811778 - Found UTKID.txt (text/plain) in CBT.V504.FILE222.PDS, moved to PDS/UTKID
2023-04-02 22:45:55.812937 - Found UTKID$.jcl (text/plain) in CBT.V504.FILE222.PDS, moved to PDS/UTKID$
2023-04-02 22:45:55.814086 - Found UTSB.txt (text/plain) in CBT.V504.FILE222.PDS, moved to PDS/UTSB
2023-04-02 22:45:55.815291 - Found UTSB$.jcl (text/plain) in CBT.V504.FILE222.PDS, moved to PDS/UTSB$
2023-04-02 22:45:55.815562 - No @FILExxx or @FILxxxx detected, creating README.md without extra info
